#
# There is insufficient memory for the Java Runtime Environment to continue.
# Native memory allocation (mmap) failed to map 346030080 bytes for G1 virtual space
# Possible reasons:
#   The system is out of physical RAM or swap space
#   The process is running with CompressedOops enabled, and the Java Heap may be blocking the growth of the native heap
# Possible solutions:
#   Reduce memory load on the system
#   Increase physical memory or swap space
#   Check if swap backing store is full
#   Decrease Java heap size (-Xmx/-Xms)
#   Decrease number of Java threads
#   Decrease Java thread stack sizes (-Xss)
#   Set larger code cache with -XX:ReservedCodeCacheSize=
#   JVM is running with Unscaled Compressed Oops mode in which the Java heap is
#     placed in the first 4GB address space. The Java Heap base address is the
#     maximum limit for the native heap growth. Please use -XX:HeapBaseMinAddress
#     to set the Java Heap base and to place the Java Heap above 4GB virtual address.
# This output file may be truncated or incomplete.
#
#  Out of Memory Error (os_windows.cpp:3535), pid=15808, tid=15060
#
# JRE version: Java(TM) SE Runtime Environment (17.0.3.1+2) (build 17.0.3.1+2-LTS-6)
# Java VM: Java HotSpot(TM) 64-Bit Server VM (17.0.3.1+2-LTS-6, mixed mode, sharing, tiered, compressed oops, compressed class ptrs, g1 gc, windows-amd64)
# No core dump will be written. Minidumps are not enabled by default on client versions of Windows
#

---------------  S U M M A R Y ------------

Command Line: -ea -XX:+ShowCodeDetailsInExceptionMessages -Dfile.encoding=UTF-8 org.eclipse.jdt.internal.junit.runner.RemoteTestRunner -version 3 -port 54071 -testLoaderClass org.eclipse.jdt.internal.junit5.runner.JUnit5TestLoader -loaderpluginname org.eclipse.jdt.junit5.runtime -testNameFile C:\Users\HB\AppData\Local\Temp\testNames14390383648784308888.txt

Host: AMD Ryzen 5 3500U with Radeon Vega Mobile Gfx  , 8 cores, 5G,  Windows 10 , 64 bit Build 19041 (10.0.19041.2788)
Time: Sun Apr 23 14:45:15 2023 Paris, Madrid (heure duild 19041 (10.0.19041.2788) elapsed time: 18.148478 seconds (0d 0h 0m 18s)

---------------  T H R E A D  ---------------

Current thread (0x000001edf772d020):  VMThread "VM Thread" [stack: 0x000000b987500000,0x000000b987600000] [id=15060]

Stack: [0x000000b987500000,0x000000b987600000]
Native frames: (J=compiled Java code, j=interpreted, Vv=VM code, C=native code)
V  [jvm.dll+0x6711ba]
V  [jvm.dll+0x7d0834]
V  [jvm.dll+0x7d1fde]
V  [jvm.dll+0x7d2643]
V  [jvm.dll+0x242c85]
V  [jvm.dll+0x66e0d9]
V  [jvm.dll+0x662a22]
V  [jvm.dll+0x300ddb]
V  [jvm.dll+0x308376]
V  [jvm.dll+0x357f7e]
V  [jvm.dll+0x3581af]
V  [jvm.dll+0x2d7ff8]
V  [jvm.dll+0x2d62c4]
V  [jvm.dll+0x2d58cc]
V  [jvm.dll+0x31933b]
V  [jvm.dll+0x7d6b1b]
V  [jvm.dll+0x7d7854]
V  [jvm.dll+0x7d7d6c]
V  [jvm.dll+0x7d8144]
V  [jvm.dll+0x7d8210]
V  [jvm.dll+0x780aca]
V  [jvm.dll+0x670045]
C  [ucrtbase.dll+0x21bb2]
C  [KERNEL32.DLL+0x17604]
C  [ntdll.dll+0x526a1]

VM_Operation (0x000000b986ff5980): G1CollectForAllocation, mode: safepoint, requested by thread 0x000001edd86adf90


---------------  P R O C E S S  ---------------

Threads class SMR info:
_java_thread_list=0x000001edff25cf90, length=17, elements={
0x000001edd86adf90, 0x000001edf7733f40, 0x000001edf7734cc0, 0x000001edf7747670,
0x000001edf7748f40, 0x000001edf7749a00, 0x000001edf774c2d0, 0x000001edf774cf70,
0x000001edf7752240, 0x000001edf775cb60, 0x000001edf834e460, 0x000001edf835e600,
0x000001edf88dd5f0, 0x000001edfb0686f0, 0x000001edfad51050, 0x000001edfd451e40,
0x000001edfd454e60
}

Java Threads: ( => current thread )
  0x000001edd86adf90 JavaThread "main" [_thread_blocked, id=20524, stack(0x000000b986f00000,0x000000b987000000)]
  0x000001edf7733f40 JavaThread "Reference Handler" daemon [_thread_blocked, id=12648, stack(0x000000b987600000,0x000000b987700000)]
  0x000001edf7734cc0 JavaThread "Finalizer" daemon [_thread_blocked, id=16836, stack(0x000000b987700000,0x000000b987800000)]
  0x000001edf7747670 JavaThread "Signal Dispatcher" daemon [_thread_blocked, id=16968, stack(0x000000b987800000,0x000000b987900000)]
  0x000001edf7748f40 JavaThread "Attach Listener" daemon [_thread_blocked, id=23196, stack(0x000000b987900000,0x000000b987a00000)]
  0x000001edf7749a00 JavaThread "Service Thread" daemon [_thread_blocked, id=8944, stack(0x000000b987a00000,0x000000b987b00000)]
  0x000001edf774c2d0 JavaThread "Monitor Deflation Thread" daemon [_thread_blocked, id=12788, stack(0x000000b987b00000,0x000000b987c00000)]
  0x000001edf774cf70 JavaThread "C2 CompilerThread0" daemon [_thread_blocked, id=1576, stack(0x000000b987c00000,0x000000b987d00000)]
  0x000001edf7752240 JavaThread "C1 CompilerThread0" daemon [_thread_blocked, id=15484, stack(0x000000b987d00000,0x000000b987e00000)]
  0x000001edf775cb60 JavaThread "Sweeper thread" daemon [_thread_blocked, id=19236, stack(0x000000b987e00000,0x000000b987f00000)]
  0x000001edf834e460 JavaThread "Notification Thread" daemon [_thread_blocked, id=16484, stack(0x000000b987f00000,0x000000b988000000)]
  0x000001edf835e600 JavaThread "Common-Cleaner" daemon [_thread_blocked, id=9108, stack(0x000000b988100000,0x000000b988200000)]
  0x000001edf88dd5f0 JavaThread "ReaderThread" [_thread_in_native, id=9972, stack(0x000000b988200000,0x000000b988300000)]
  0x000001edfb0686f0 JavaThread "mysql-cj-abandoned-connection-cleanup" daemon [_thread_blocked, id=3208, stack(0x000000b988b00000,0x000000b988c00000)]
  0x000001edfad51050 JavaThread "HikariPool-1 housekeeper" daemon [_thread_blocked, id=2152, stack(0x000000b988e00000,0x000000b988f00000)]
  0x000001edfd451e40 JavaThread "HikariPool-2 housekeeper" daemon [_thread_blocked, id=16360, stack(0x000000b988f00000,0x000000b989000000)]
  0x000001edfd454e60 JavaThread "HikariPool-2 connection adder" daemon [_thread_blocked, id=7256, stack(0x000000b989000000,0x000000b989100000)]

Other Threads:
=>0x000001edf772d020 VMThread "VM Thread" [stack: 0x000000b987500000,0x000000b987600000] [id=15060]
  0x000001edf8351950 WatcherThread [stack: 0x000000b988000000,0x000000b988100000] [id=23408]
  0x000001edda9224c0 GCTaskThread "GC Thread#0" [stack: 0x000000b987000000,0x000000b987100000] [id=20412]
  0x000001edf8f5c460 GCTaskThread "GC Thread#1" [stack: 0x000000b988300000,0x000000b988400000] [id=19504]
  0x000001edf8f5c710 GCTaskThread "GC Thread#2" [stack: 0x000000b988400000,0x000000b988500000] [id=8884]
  0x000001edf8f5c9c0 GCTaskThread "GC Thread#3" [stack: 0x000000b988500000,0x000000b988600000] [id=23504]
  0x000001edf8aed4c0 GCTaskThread "GC Thread#4" [stack: 0x000000b988600000,0x000000b988700000] [id=20276]
  0x000001edf96580a0 GCTaskThread "GC Thread#5" [stack: 0x000000b988800000,0x000000b988900000] [id=12656]
  0x000001edf90b0eb0 GCTaskThread "GC Thread#6" [stack: 0x000000b988900000,0x000000b988a00000] [id=23388]
  0x000001edf971e610 GCTaskThread "GC Thread#7" [stack: 0x000000b988a00000,0x000000b988b00000] [id=7584]
  0x000001edda9301a0 ConcurrentGCThread "G1 Main Marker" [stack: 0x000000b987100000,0x000000b987200000] [id=22788]
  0x000001edda931260 ConcurrentGCThread "G1 Conc#0" [stack: 0x000000b987200000,0x000000b987300000] [id=2560]
  0x000001edfa9d20a0 ConcurrentGCThread "G1 Conc#1" [stack: 0x000000b988c00000,0x000000b988d00000] [id=10320]
  0x000001edf75b0090 ConcurrentGCThread "G1 Refine#0" [stack: 0x000000b987300000,0x000000b987400000] [id=17952]
  0x000001edf8d67c90 ConcurrentGCThread "G1 Refine#1" [stack: 0x000000b988700000,0x000000b988800000] [id=496]
  0x000001edf75b09c0 ConcurrentGCThread "G1 Service" [stack: 0x000000b987400000,0x000000b987500000] [id=15680]

Threads with active compile tasks:
C2 CompilerThread0    18189 8660   !   4       java.util.zip.ZipFile::getEntry (59 bytes)

VM state: at safepoint (normal execution)

VM Mutex/Monitor currently owned by a thread:  ([mutex/lock_event])
[0x000001edd86ab130] Threads_lock - owner thread: 0x000001edf772d020
[0x000001edd86abbe0] Heap_lock - owner thread: 0x000001edd86adf90

Heap address: 0x00000000a0c00000, size: 1524 MB, Compressed Oops mode: 32-bit

CDS archive(s) mapped at: [0x0000000800000000-0x0000000800bc0000-0x0000000800bc0000), size 12320768, SharedBaseAddress: 0x0000000800000000, ArchiveRelocationMode: 0.
Compressed class space mapped at: 0x0000000800c00000-0x0000000840c00000, reserved size: 1073741824
Narrow klass base: 0x0000000800000000, Narrow klass shift: 0, Narrow klass range: 0x100000000

GC Precious Log:
 CPUs: 8 total, 8 available
 Memory: 6091M
 Large Page Support: Disabled
 NUMA Support: Disabled
 Compressed Oops: Enabled (32-bit)
 Heap Region Size: 1M
 Heap Min Capacity: 8M
 Heap Initial Capacity: 96M
 Heap Max Capacity: 1524M
 Pre-touch: Disabled
 Parallel Workers: 8
 Concurrent Workers: 2
 Concurrent Refinement Workers: 8
 Periodic GC: Disabled

Heap:
 garbage-first heap   total 186368K, used 65076K [0x00000000a0c00000, 0x0000000100000000)
  region size 1024K, 1 young (1024K), 1 survivors (1024K)
 Metaspace       used 75733K, committed 76288K, reserved 1122304K
  class space    used 10452K, committed 10688K, reserved 1048576K

Heap Regions: E=young(eden), S=young(survivor), O=old, HS=humongous(starts), HC=humongous(continues), CS=collection set, F=free, OA=open archive, CA=closed archive, TAMS=top-at-mark-start (previous, next)
|   0|0x00000000a0c00000, 0x00000000a0d00000, 0x00000000a0d00000|100%|HS|  |TAMS 0x00000000a0d00000, 0x00000000a0c00000| Complete 
|   1|0x00000000a0d00000, 0x00000000a0e00000, 0x00000000a0e00000|100%| O|  |TAMS 0x00000000a0e00000, 0x00000000a0d00000| Untracked 
|   2|0x00000000a0e00000, 0x00000000a0f00000, 0x00000000a0f00000|100%| O|  |TAMS 0x00000000a0f00000, 0x00000000a0e00000| Untracked 
|   3|0x00000000a0f00000, 0x00000000a1000000, 0x00000000a1000000|100%| O|  |TAMS 0x00000000a1000000, 0x00000000a0f00000| Untracked 
|   4|0x00000000a1000000, 0x00000000a1100000, 0x00000000a1100000|100%| O|  |TAMS 0x00000000a1100000, 0x00000000a1000000| Untracked 
|   5|0x00000000a1100000, 0x00000000a1200000, 0x00000000a1200000|100%| O|  |TAMS 0x00000000a1200000, 0x00000000a1100000| Untracked 
|   6|0x00000000a1200000, 0x00000000a1300000, 0x00000000a1300000|100%| O|  |TAMS 0x00000000a1300000, 0x00000000a1200000| Untracked 
|   7|0x00000000a1300000, 0x00000000a1400000, 0x00000000a1400000|100%| O|  |TAMS 0x00000000a1400000, 0x00000000a1300000| Untracked 
|   8|0x00000000a1400000, 0x00000000a1500000, 0x00000000a1500000|100%| O|  |TAMS 0x00000000a1500000, 0x00000000a1400000| Untracked 
|   9|0x00000000a1500000, 0x00000000a1600000, 0x00000000a1600000|100%| O|  |TAMS 0x00000000a1600000, 0x00000000a1500000| Untracked 
|  10|0x00000000a1600000, 0x00000000a1700000, 0x00000000a1700000|100%| O|  |TAMS 0x00000000a1700000, 0x00000000a1600000| Untracked 
|  11|0x00000000a1700000, 0x00000000a1800000, 0x00000000a1800000|100%| O|  |TAMS 0x00000000a1800000, 0x00000000a1700000| Untracked 
|  12|0x00000000a1800000, 0x00000000a1900000, 0x00000000a1900000|100%| O|  |TAMS 0x00000000a1900000, 0x00000000a1800000| Untracked 
|  13|0x00000000a1900000, 0x00000000a19b9600, 0x00000000a1a00000| 72%| O|  |TAMS 0x00000000a19b9600, 0x00000000a1900000| Untracked 
|  14|0x00000000a1a00000, 0x00000000a1b00000, 0x00000000a1b00000|100%| O|  |TAMS 0x00000000a1b00000, 0x00000000a1a00000| Untracked 
|  15|0x00000000a1b00000, 0x00000000a1c00000, 0x00000000a1c00000|100%| O|  |TAMS 0x00000000a1c00000, 0x00000000a1b00000| Untracked 
|  16|0x00000000a1c00000, 0x00000000a1d00000, 0x00000000a1d00000|100%| O|  |TAMS 0x00000000a1d00000, 0x00000000a1c00000| Untracked 
|  17|0x00000000a1d00000, 0x00000000a1e00000, 0x00000000a1e00000|100%| O|  |TAMS 0x00000000a1e00000, 0x00000000a1d00000| Untracked 
|  18|0x00000000a1e00000, 0x00000000a1f00000, 0x00000000a1f00000|100%| O|  |TAMS 0x00000000a1f00000, 0x00000000a1e00000| Untracked 
|  19|0x00000000a1f00000, 0x00000000a2000000, 0x00000000a2000000|100%| O|  |TAMS 0x00000000a2000000, 0x00000000a1f00000| Untracked 
|  20|0x00000000a2000000, 0x00000000a2100000, 0x00000000a2100000|100%| O|  |TAMS 0x00000000a2100000, 0x00000000a2000000| Untracked 
|  21|0x00000000a2100000, 0x00000000a2200000, 0x00000000a2200000|100%| O|  |TAMS 0x00000000a2200000, 0x00000000a2100000| Untracked 
|  22|0x00000000a2200000, 0x00000000a2300000, 0x00000000a2300000|100%| O|  |TAMS 0x00000000a2300000, 0x00000000a2200000| Untracked 
|  23|0x00000000a2300000, 0x00000000a2400000, 0x00000000a2400000|100%| O|  |TAMS 0x00000000a2400000, 0x00000000a2300000| Untracked 
|  24|0x00000000a2400000, 0x00000000a2500000, 0x00000000a2500000|100%| O|  |TAMS 0x00000000a2500000, 0x00000000a2400000| Untracked 
|  25|0x00000000a2500000, 0x00000000a2600000, 0x00000000a2600000|100%| O|  |TAMS 0x00000000a2600000, 0x00000000a2500000| Untracked 
|  26|0x00000000a2600000, 0x00000000a2700000, 0x00000000a2700000|100%| O|  |TAMS 0x00000000a2700000, 0x00000000a2600000| Untracked 
|  27|0x00000000a2700000, 0x00000000a2800000, 0x00000000a2800000|100%| O|  |TAMS 0x00000000a2800000, 0x00000000a2700000| Untracked 
|  28|0x00000000a2800000, 0x00000000a2900000, 0x00000000a2900000|100%| O|  |TAMS 0x00000000a2900000, 0x00000000a2800000| Untracked 
|  29|0x00000000a2900000, 0x00000000a2a00000, 0x00000000a2a00000|100%| O|  |TAMS 0x00000000a2a00000, 0x00000000a2900000| Untracked 
|  30|0x00000000a2a00000, 0x00000000a2b00000, 0x00000000a2b00000|100%| O|  |TAMS 0x00000000a2a00000, 0x00000000a2a00000| Untracked 
|  31|0x00000000a2b00000, 0x00000000a2c00000, 0x00000000a2c00000|100%| O|  |TAMS 0x00000000a2c00000, 0x00000000a2b00000| Untracked 
|  32|0x00000000a2c00000, 0x00000000a2c00000, 0x00000000a2d00000|  0%| F|  |TAMS 0x00000000a2c00000, 0x00000000a2c00000| Untracked 
|  33|0x00000000a2d00000, 0x00000000a2e00000, 0x00000000a2e00000|100%| O|  |TAMS 0x00000000a2e00000, 0x00000000a2d00000| Untracked 
|  34|0x00000000a2e00000, 0x00000000a2f00000, 0x00000000a2f00000|100%| O|  |TAMS 0x00000000a2f00000, 0x00000000a2e00000| Untracked 
|  35|0x00000000a2f00000, 0x00000000a3000000, 0x00000000a3000000|100%| O|  |TAMS 0x00000000a3000000, 0x00000000a2f00000| Untracked 
|  36|0x00000000a3000000, 0x00000000a3100000, 0x00000000a3100000|100%| O|  |TAMS 0x00000000a3100000, 0x00000000a3000000| Untracked 
|  37|0x00000000a3100000, 0x00000000a31d9800, 0x00000000a3200000| 84%| O|  |TAMS 0x00000000a3100000, 0x00000000a3100000| Untracked 
|  38|0x00000000a3200000, 0x00000000a3200000, 0x00000000a3300000|  0%| F|  |TAMS 0x00000000a3200000, 0x00000000a3200000| Untracked 
|  39|0x00000000a3300000, 0x00000000a3400000, 0x00000000a3400000|100%| O|  |TAMS 0x00000000a3300000, 0x00000000a3300000| Untracked 
|  40|0x00000000a3400000, 0x00000000a3400000, 0x00000000a3500000|  0%| F|  |TAMS 0x00000000a3400000, 0x00000000a3400000| Untracked 
|  41|0x00000000a3500000, 0x00000000a3600000, 0x00000000a3600000|100%| O|  |TAMS 0x00000000a3600000, 0x00000000a3500000| Untracked 
|  42|0x00000000a3600000, 0x00000000a3600000, 0x00000000a3700000|  0%| F|  |TAMS 0x00000000a3600000, 0x00000000a3600000| Untracked 
|  43|0x00000000a3700000, 0x00000000a3700000, 0x00000000a3800000|  0%| F|  |TAMS 0x00000000a3700000, 0x00000000a3700000| Untracked 
|  44|0x00000000a3800000, 0x00000000a3900000, 0x00000000a3900000|100%| O|  |TAMS 0x00000000a3800000, 0x00000000a3800000| Untracked 
|  45|0x00000000a3900000, 0x00000000a3900000, 0x00000000a3a00000|  0%| F|  |TAMS 0x00000000a3900000, 0x00000000a3900000| Untracked 
|  46|0x00000000a3a00000, 0x00000000a3a00000, 0x00000000a3b00000|  0%| F|  |TAMS 0x00000000a3a00000, 0x00000000a3a00000| Untracked 
|  47|0x00000000a3b00000, 0x00000000a3b00000, 0x00000000a3c00000|  0%| F|  |TAMS 0x00000000a3b00000, 0x00000000a3b00000| Untracked 
|  48|0x00000000a3c00000, 0x00000000a3d00000, 0x00000000a3d00000|100%| O|  |TAMS 0x00000000a3c00000, 0x00000000a3c00000| Untracked 
|  49|0x00000000a3d00000, 0x00000000a3d00000, 0x00000000a3e00000|  0%| F|  |TAMS 0x00000000a3d00000, 0x00000000a3d00000| Untracked 
|  50|0x00000000a3e00000, 0x00000000a3e00000, 0x00000000a3f00000|  0%| F|  |TAMS 0x00000000a3e00000, 0x00000000a3e00000| Untracked 
|  51|0x00000000a3f00000, 0x00000000a4000000, 0x00000000a4000000|100%| O|  |TAMS 0x00000000a3f00000, 0x00000000a3f00000| Untracked 
|  52|0x00000000a4000000, 0x00000000a4000000, 0x00000000a4100000|  0%| F|  |TAMS 0x00000000a4000000, 0x00000000a4000000| Untracked 
|  53|0x00000000a4100000, 0x00000000a4100000, 0x00000000a4200000|  0%| F|  |TAMS 0x00000000a4100000, 0x00000000a4100000| Untracked 
|  54|0x00000000a4200000, 0x00000000a4300000, 0x00000000a4300000|100%| O|  |TAMS 0x00000000a4200000, 0x00000000a4200000| Untracked 
|  55|0x00000000a4300000, 0x00000000a4400000, 0x00000000a4400000|100%| O|  |TAMS 0x00000000a4300000, 0x00000000a4300000| Untracked 
|  56|0x00000000a4400000, 0x00000000a4400000, 0x00000000a4500000|  0%| F|  |TAMS 0x00000000a4400000, 0x00000000a4400000| Untracked 
|  57|0x00000000a4500000, 0x00000000a4600000, 0x00000000a4600000|100%| O|  |TAMS 0x00000000a4500000, 0x00000000a4500000| Untracked 
|  58|0x00000000a4600000, 0x00000000a4600000, 0x00000000a4700000|  0%| F|  |TAMS 0x00000000a4600000, 0x00000000a4600000| Untracked 
|  59|0x00000000a4700000, 0x00000000a4700000, 0x00000000a4800000|  0%| F|  |TAMS 0x00000000a4700000, 0x00000000a4700000| Untracked 
|  60|0x00000000a4800000, 0x00000000a4800000, 0x00000000a4900000|  0%| F|  |TAMS 0x00000000a4800000, 0x00000000a4800000| Untracked 
|  61|0x00000000a4900000, 0x00000000a4900000, 0x00000000a4a00000|  0%| F|  |TAMS 0x00000000a4900000, 0x00000000a4900000| Untracked 
|  62|0x00000000a4a00000, 0x00000000a4a00000, 0x00000000a4b00000|  0%| F|  |TAMS 0x00000000a4a00000, 0x00000000a4a00000| Untracked 
|  63|0x00000000a4b00000, 0x00000000a4b00000, 0x00000000a4c00000|  0%| F|  |TAMS 0x00000000a4b00000, 0x00000000a4b00000| Untracked 
|  64|0x00000000a4c00000, 0x00000000a4c00000, 0x00000000a4d00000|  0%| F|  |TAMS 0x00000000a4c00000, 0x00000000a4c00000| Untracked 
|  65|0x00000000a4d00000, 0x00000000a4d00000, 0x00000000a4e00000|  0%| F|  |TAMS 0x00000000a4d00000, 0x00000000a4d00000| Untracked 
|  66|0x00000000a4e00000, 0x00000000a4e00000, 0x00000000a4f00000|  0%| F|  |TAMS 0x00000000a4e00000, 0x00000000a4e00000| Untracked 
|  67|0x00000000a4f00000, 0x00000000a4f00000, 0x00000000a5000000|  0%| F|  |TAMS 0x00000000a4f00000, 0x00000000a4f00000| Untracked 
|  68|0x00000000a5000000, 0x00000000a5000000, 0x00000000a5100000|  0%| F|  |TAMS 0x00000000a5000000, 0x00000000a5000000| Untracked 
|  69|0x00000000a5100000, 0x00000000a5200000, 0x00000000a5200000|100%| O|  |TAMS 0x00000000a5200000, 0x00000000a5100000| Untracked 
|  70|0x00000000a5200000, 0x00000000a5300000, 0x00000000a5300000|100%| O|  |TAMS 0x00000000a5300000, 0x00000000a5200000| Untracked 
|  71|0x00000000a5300000, 0x00000000a5300000, 0x00000000a5400000|  0%| F|  |TAMS 0x00000000a5300000, 0x00000000a5300000| Untracked 
|  72|0x00000000a5400000, 0x00000000a5500000, 0x00000000a5500000|100%| O|  |TAMS 0x00000000a5500000, 0x00000000a5400000| Untracked 
|  73|0x00000000a5500000, 0x00000000a5600000, 0x00000000a5600000|100%| O|  |TAMS 0x00000000a5600000, 0x00000000a5500000| Untracked 
|  74|0x00000000a5600000, 0x00000000a5700000, 0x00000000a5700000|100%| O|  |TAMS 0x00000000a5700000, 0x00000000a5600000| Untracked 
|  75|0x00000000a5700000, 0x00000000a5800000, 0x00000000a5800000|100%| O|  |TAMS 0x00000000a5800000, 0x00000000a5700000| Untracked 
|  76|0x00000000a5800000, 0x00000000a5900000, 0x00000000a5900000|100%| O|  |TAMS 0x00000000a5900000, 0x00000000a5800000| Untracked 
|  77|0x00000000a5900000, 0x00000000a5a00000, 0x00000000a5a00000|100%| O|  |TAMS 0x00000000a5a00000, 0x00000000a5900000| Untracked 
|  78|0x00000000a5a00000, 0x00000000a5b00000, 0x00000000a5b00000|100%| O|  |TAMS 0x00000000a5b00000, 0x00000000a5a00000| Untracked 
|  79|0x00000000a5b00000, 0x00000000a5b00000, 0x00000000a5c00000|  0%| F|  |TAMS 0x00000000a5b00000, 0x00000000a5b00000| Untracked 
|  80|0x00000000a5c00000, 0x00000000a5c00000, 0x00000000a5d00000|  0%| F|  |TAMS 0x00000000a5c00000, 0x00000000a5c00000| Untracked 
|  81|0x00000000a5d00000, 0x00000000a5d00000, 0x00000000a5e00000|  0%| F|  |TAMS 0x00000000a5d00000, 0x00000000a5d00000| Untracked 
|  82|0x00000000a5e00000, 0x00000000a5f00000, 0x00000000a5f00000|100%| O|  |TAMS 0x00000000a5eade00, 0x00000000a5e00000| Untracked 
|  83|0x00000000a5f00000, 0x00000000a6000000, 0x00000000a6000000|100%| O|  |TAMS 0x00000000a5f00000, 0x00000000a5f00000| Untracked 
|  84|0x00000000a6000000, 0x00000000a6100000, 0x00000000a6100000|100%| O|  |TAMS 0x00000000a6000000, 0x00000000a6000000| Untracked 
|  85|0x00000000a6100000, 0x00000000a6200000, 0x00000000a6200000|100%| O|  |TAMS 0x00000000a6100000, 0x00000000a6100000| Untracked 
|  86|0x00000000a6200000, 0x00000000a6300000, 0x00000000a6300000|100%| O|  |TAMS 0x00000000a6200000, 0x00000000a6200000| Untracked 
|  87|0x00000000a6300000, 0x00000000a6400000, 0x00000000a6400000|100%| O|  |TAMS 0x00000000a6300000, 0x00000000a6300000| Untracked 
|  88|0x00000000a6400000, 0x00000000a6500000, 0x00000000a6500000|100%| O|  |TAMS 0x00000000a6400000, 0x00000000a6400000| Untracked 
|  89|0x00000000a6500000, 0x00000000a6600000, 0x00000000a6600000|100%| O|  |TAMS 0x00000000a6500000, 0x00000000a6500000| Untracked 
|  90|0x00000000a6600000, 0x00000000a6700000, 0x00000000a6700000|100%| O|  |TAMS 0x00000000a6600000, 0x00000000a6600000| Untracked 
|  91|0x00000000a6700000, 0x00000000a6700000, 0x00000000a6800000|  0%| F|  |TAMS 0x00000000a6700000, 0x00000000a6700000| Untracked 
|  92|0x00000000a6800000, 0x00000000a6800000, 0x00000000a6900000|  0%| F|  |TAMS 0x00000000a6800000, 0x00000000a6800000| Untracked 
|  93|0x00000000a6900000, 0x00000000a6900000, 0x00000000a6a00000|  0%| F|  |TAMS 0x00000000a6900000, 0x00000000a6900000| Untracked 
|  94|0x00000000a6a00000, 0x00000000a6a00000, 0x00000000a6b00000|  0%| F|  |TAMS 0x00000000a6a00000, 0x00000000a6a00000| Untracked 
|  95|0x00000000a6b00000, 0x00000000a6b00000, 0x00000000a6c00000|  0%| F|  |TAMS 0x00000000a6b00000, 0x00000000a6b00000| Untracked 
|  96|0x00000000a6c00000, 0x00000000a6c00000, 0x00000000a6d00000|  0%| F|  |TAMS 0x00000000a6c00000, 0x00000000a6c00000| Untracked 
|  97|0x00000000a6d00000, 0x00000000a6d00000, 0x00000000a6e00000|  0%| F|  |TAMS 0x00000000a6d00000, 0x00000000a6d00000| Untracked 
|  98|0x00000000a6e00000, 0x00000000a6e00000, 0x00000000a6f00000|  0%| F|  |TAMS 0x00000000a6e00000, 0x00000000a6e00000| Untracked 
|  99|0x00000000a6f00000, 0x00000000a6f00000, 0x00000000a7000000|  0%| F|  |TAMS 0x00000000a6f00000, 0x00000000a6f00000| Untracked 
| 100|0x00000000a7000000, 0x00000000a7000000, 0x00000000a7100000|  0%| F|  |TAMS 0x00000000a7000000, 0x00000000a7000000| Untracked 
| 101|0x00000000a7100000, 0x00000000a7100000, 0x00000000a7200000|  0%| F|  |TAMS 0x00000000a7100000, 0x00000000a7100000| Untracked 
| 102|0x00000000a7200000, 0x00000000a7200000, 0x00000000a7300000|  0%| F|  |TAMS 0x00000000a7200000, 0x00000000a7200000| Untracked 
| 103|0x00000000a7300000, 0x00000000a7300000, 0x00000000a7400000|  0%| F|  |TAMS 0x00000000a7300000, 0x00000000a7300000| Untracked 
| 104|0x00000000a7400000, 0x00000000a7400000, 0x00000000a7500000|  0%| F|  |TAMS 0x00000000a7400000, 0x00000000a7400000| Untracked 
| 105|0x00000000a7500000, 0x00000000a7500000, 0x00000000a7600000|  0%| F|  |TAMS 0x00000000a7500000, 0x00000000a7500000| Untracked 
| 106|0x00000000a7600000, 0x00000000a7600000, 0x00000000a7700000|  0%| F|  |TAMS 0x00000000a7600000, 0x00000000a7600000| Untracked 
| 107|0x00000000a7700000, 0x00000000a7700000, 0x00000000a7800000|  0%| F|  |TAMS 0x00000000a7700000, 0x00000000a7700000| Untracked 
| 108|0x00000000a7800000, 0x00000000a7800000, 0x00000000a7900000|  0%| F|  |TAMS 0x00000000a7800000, 0x00000000a7800000| Untracked 
| 109|0x00000000a7900000, 0x00000000a7900000, 0x00000000a7a00000|  0%| F|  |TAMS 0x00000000a7900000, 0x00000000a7900000| Untracked 
| 110|0x00000000a7a00000, 0x00000000a7a00000, 0x00000000a7b00000|  0%| F|  |TAMS 0x00000000a7a00000, 0x00000000a7a00000| Untracked 
| 111|0x00000000a7b00000, 0x00000000a7b00000, 0x00000000a7c00000|  0%| F|  |TAMS 0x00000000a7b00000, 0x00000000a7b00000| Untracked 
| 112|0x00000000a7c00000, 0x00000000a7c00000, 0x00000000a7d00000|  0%| F|  |TAMS 0x00000000a7c00000, 0x00000000a7c00000| Untracked 
| 113|0x00000000a7d00000, 0x00000000a7d00000, 0x00000000a7e00000|  0%| F|  |TAMS 0x00000000a7d00000, 0x00000000a7d00000| Untracked 
| 114|0x00000000a7e00000, 0x00000000a7e00000, 0x00000000a7f00000|  0%| F|  |TAMS 0x00000000a7e00000, 0x00000000a7e00000| Untracked 
| 115|0x00000000a7f00000, 0x00000000a7f00000, 0x00000000a8000000|  0%| F|  |TAMS 0x00000000a7f00000, 0x00000000a7f00000| Untracked 
| 116|0x00000000a8000000, 0x00000000a8000000, 0x00000000a8100000|  0%| F|  |TAMS 0x00000000a8000000, 0x00000000a8000000| Untracked 
| 117|0x00000000a8100000, 0x00000000a8100000, 0x00000000a8200000|  0%| F|  |TAMS 0x00000000a8100000, 0x00000000a8100000| Untracked 
| 118|0x00000000a8200000, 0x00000000a8200000, 0x00000000a8300000|  0%| F|  |TAMS 0x00000000a8200000, 0x00000000a8200000| Untracked 
| 119|0x00000000a8300000, 0x00000000a8300000, 0x00000000a8400000|  0%| F|  |TAMS 0x00000000a8300000, 0x00000000a8300000| Untracked 
| 120|0x00000000a8400000, 0x00000000a8400000, 0x00000000a8500000|  0%| F|  |TAMS 0x00000000a8400000, 0x00000000a8400000| Untracked 
| 121|0x00000000a8500000, 0x00000000a8500000, 0x00000000a8600000|  0%| F|  |TAMS 0x00000000a8500000, 0x00000000a8500000| Untracked 
| 122|0x00000000a8600000, 0x00000000a8600000, 0x00000000a8700000|  0%| F|  |TAMS 0x00000000a8600000, 0x00000000a8600000| Untracked 
| 123|0x00000000a8700000, 0x00000000a8700000, 0x00000000a8800000|  0%| F|  |TAMS 0x00000000a8700000, 0x00000000a8700000| Untracked 
| 124|0x00000000a8800000, 0x00000000a8800000, 0x00000000a8900000|  0%| F|  |TAMS 0x00000000a8800000, 0x00000000a8800000| Untracked 
| 125|0x00000000a8900000, 0x00000000a8900000, 0x00000000a8a00000|  0%| F|  |TAMS 0x00000000a8900000, 0x00000000a8900000| Untracked 
| 126|0x00000000a8a00000, 0x00000000a8a00000, 0x00000000a8b00000|  0%| F|  |TAMS 0x00000000a8a00000, 0x00000000a8a00000| Untracked 
| 127|0x00000000a8b00000, 0x00000000a8b00000, 0x00000000a8c00000|  0%| F|  |TAMS 0x00000000a8b00000, 0x00000000a8b00000| Untracked 
| 128|0x00000000a8c00000, 0x00000000a8c00000, 0x00000000a8d00000|  0%| F|  |TAMS 0x00000000a8c00000, 0x00000000a8c00000| Untracked 
| 129|0x00000000a8d00000, 0x00000000a8d00000, 0x00000000a8e00000|  0%| F|  |TAMS 0x00000000a8d00000, 0x00000000a8d00000| Untracked 
| 130|0x00000000a8e00000, 0x00000000a8e00000, 0x00000000a8f00000|  0%| F|  |TAMS 0x00000000a8e00000, 0x00000000a8e00000| Untracked 
| 131|0x00000000a8f00000, 0x00000000a8f00000, 0x00000000a9000000|  0%| F|  |TAMS 0x00000000a8f00000, 0x00000000a8f00000| Untracked 
| 132|0x00000000a9000000, 0x00000000a9000000, 0x00000000a9100000|  0%| F|  |TAMS 0x00000000a9000000, 0x00000000a9000000| Untracked 
| 133|0x00000000a9100000, 0x00000000a9100000, 0x00000000a9200000|  0%| F|  |TAMS 0x00000000a9100000, 0x00000000a9100000| Untracked 
| 134|0x00000000a9200000, 0x00000000a9200000, 0x00000000a9300000|  0%| F|  |TAMS 0x00000000a9200000, 0x00000000a9200000| Untracked 
| 135|0x00000000a9300000, 0x00000000a9300000, 0x00000000a9400000|  0%| F|  |TAMS 0x00000000a9300000, 0x00000000a9300000| Untracked 
| 136|0x00000000a9400000, 0x00000000a9400000, 0x00000000a9500000|  0%| F|  |TAMS 0x00000000a9400000, 0x00000000a9400000| Untracked 
| 137|0x00000000a9500000, 0x00000000a9500000, 0x00000000a9600000|  0%| F|  |TAMS 0x00000000a9500000, 0x00000000a9500000| Untracked 
| 138|0x00000000a9600000, 0x00000000a9600000, 0x00000000a9700000|  0%| F|  |TAMS 0x00000000a9600000, 0x00000000a9600000| Untracked 
| 139|0x00000000a9700000, 0x00000000a9700000, 0x00000000a9800000|  0%| F|  |TAMS 0x00000000a9700000, 0x00000000a9700000| Untracked 
| 140|0x00000000a9800000, 0x00000000a9800000, 0x00000000a9900000|  0%| F|  |TAMS 0x00000000a9800000, 0x00000000a9800000| Untracked 
| 141|0x00000000a9900000, 0x00000000a9900000, 0x00000000a9a00000|  0%| F|  |TAMS 0x00000000a9900000, 0x00000000a9900000| Untracked 
| 142|0x00000000a9a00000, 0x00000000a9a00000, 0x00000000a9b00000|  0%| F|  |TAMS 0x00000000a9a00000, 0x00000000a9a00000| Untracked 
| 143|0x00000000a9b00000, 0x00000000a9b00000, 0x00000000a9c00000|  0%| F|  |TAMS 0x00000000a9b00000, 0x00000000a9b00000| Untracked 
| 144|0x00000000a9c00000, 0x00000000a9c00000, 0x00000000a9d00000|  0%| F|  |TAMS 0x00000000a9c00000, 0x00000000a9c00000| Untracked 
| 145|0x00000000a9d00000, 0x00000000a9d00000, 0x00000000a9e00000|  0%| F|  |TAMS 0x00000000a9d00000, 0x00000000a9d00000| Untracked 
| 146|0x00000000a9e00000, 0x00000000a9e00000, 0x00000000a9f00000|  0%| F|  |TAMS 0x00000000a9e00000, 0x00000000a9e00000| Untracked 
| 147|0x00000000a9f00000, 0x00000000a9f00000, 0x00000000aa000000|  0%| F|  |TAMS 0x00000000a9f00000, 0x00000000a9f00000| Untracked 
| 148|0x00000000aa000000, 0x00000000aa000000, 0x00000000aa100000|  0%| F|  |TAMS 0x00000000aa000000, 0x00000000aa000000| Untracked 
| 149|0x00000000aa100000, 0x00000000aa100000, 0x00000000aa200000|  0%| F|  |TAMS 0x00000000aa100000, 0x00000000aa100000| Untracked 
| 150|0x00000000aa200000, 0x00000000aa200000, 0x00000000aa300000|  0%| F|  |TAMS 0x00000000aa200000, 0x00000000aa200000| Untracked 
| 151|0x00000000aa300000, 0x00000000aa300000, 0x00000000aa400000|  0%| F|  |TAMS 0x00000000aa300000, 0x00000000aa300000| Untracked 
| 152|0x00000000aa400000, 0x00000000aa400000, 0x00000000aa500000|  0%| F|  |TAMS 0x00000000aa400000, 0x00000000aa400000| Untracked 
| 153|0x00000000aa500000, 0x00000000aa500000, 0x00000000aa600000|  0%| F|  |TAMS 0x00000000aa500000, 0x00000000aa500000| Untracked 
| 154|0x00000000aa600000, 0x00000000aa600000, 0x00000000aa700000|  0%| F|  |TAMS 0x00000000aa600000, 0x00000000aa600000| Untracked 
| 155|0x00000000aa700000, 0x00000000aa700000, 0x00000000aa800000|  0%| F|  |TAMS 0x00000000aa700000, 0x00000000aa700000| Untracked 
| 156|0x00000000aa800000, 0x00000000aa800000, 0x00000000aa900000|  0%| F|  |TAMS 0x00000000aa800000, 0x00000000aa800000| Untracked 
| 157|0x00000000aa900000, 0x00000000aa900000, 0x00000000aaa00000|  0%| F|  |TAMS 0x00000000aa900000, 0x00000000aa900000| Untracked 
| 158|0x00000000aaa00000, 0x00000000aaa00000, 0x00000000aab00000|  0%| F|  |TAMS 0x00000000aaa00000, 0x00000000aaa00000| Untracked 
| 159|0x00000000aab00000, 0x00000000aab00000, 0x00000000aac00000|  0%| F|  |TAMS 0x00000000aab00000, 0x00000000aab00000| Untracked 
| 160|0x00000000aac00000, 0x00000000aac00000, 0x00000000aad00000|  0%| F|  |TAMS 0x00000000aac00000, 0x00000000aac00000| Untracked 
| 161|0x00000000aad00000, 0x00000000aad00000, 0x00000000aae00000|  0%| F|  |TAMS 0x00000000aad00000, 0x00000000aad00000| Untracked 
| 162|0x00000000aae00000, 0x00000000aae00000, 0x00000000aaf00000|  0%| F|  |TAMS 0x00000000aae00000, 0x00000000aae00000| Untracked 
| 163|0x00000000aaf00000, 0x00000000aaf00000, 0x00000000ab000000|  0%| F|  |TAMS 0x00000000aaf00000, 0x00000000aaf00000| Untracked 
| 164|0x00000000ab000000, 0x00000000ab000000, 0x00000000ab100000|  0%| F|  |TAMS 0x00000000ab000000, 0x00000000ab000000| Untracked 
| 165|0x00000000ab100000, 0x00000000ab100000, 0x00000000ab200000|  0%| F|  |TAMS 0x00000000ab100000, 0x00000000ab100000| Untracked 
| 166|0x00000000ab200000, 0x00000000ab200000, 0x00000000ab300000|  0%| F|  |TAMS 0x00000000ab200000, 0x00000000ab200000| Untracked 
| 167|0x00000000ab300000, 0x00000000ab300000, 0x00000000ab400000|  0%| F|  |TAMS 0x00000000ab300000, 0x00000000ab300000| Untracked 
| 168|0x00000000ab400000, 0x00000000ab400000, 0x00000000ab500000|  0%| F|  |TAMS 0x00000000ab400000, 0x00000000ab400000| Untracked 
| 169|0x00000000ab500000, 0x00000000ab500000, 0x00000000ab600000|  0%| F|  |TAMS 0x00000000ab500000, 0x00000000ab500000| Untracked 
| 170|0x00000000ab600000, 0x00000000ab600000, 0x00000000ab700000|  0%| F|  |TAMS 0x00000000ab600000, 0x00000000ab600000| Untracked 
| 171|0x00000000ab700000, 0x00000000ab700000, 0x00000000ab800000|  0%| F|  |TAMS 0x00000000ab700000, 0x00000000ab700000| Untracked 
| 172|0x00000000ab800000, 0x00000000ab8fa320, 0x00000000ab900000| 97%| S|CS|TAMS 0x00000000ab800000, 0x00000000ab800000| Complete 
| 173|0x00000000ab900000, 0x00000000ab900000, 0x00000000aba00000|  0%| F|  |TAMS 0x00000000ab900000, 0x00000000ab900000| Untracked 
| 174|0x00000000aba00000, 0x00000000aba00000, 0x00000000abb00000|  0%| F|  |TAMS 0x00000000aba00000, 0x00000000aba00000| Untracked 
| 175|0x00000000abb00000, 0x00000000abb00000, 0x00000000abc00000|  0%| F|  |TAMS 0x00000000abb00000, 0x00000000abb00000| Untracked 
| 176|0x00000000abc00000, 0x00000000abc00000, 0x00000000abd00000|  0%| F|  |TAMS 0x00000000abc00000, 0x00000000abc00000| Untracked 
| 177|0x00000000abd00000, 0x00000000abd00000, 0x00000000abe00000|  0%| F|  |TAMS 0x00000000abd00000, 0x00000000abd00000| Untracked 
| 178|0x00000000abe00000, 0x00000000abe00000, 0x00000000abf00000|  0%| F|  |TAMS 0x00000000abe00000, 0x00000000abe00000| Untracked 
| 179|0x00000000abf00000, 0x00000000abf00000, 0x00000000ac000000|  0%| F|  |TAMS 0x00000000abf00000, 0x00000000abf00000| Untracked 
| 180|0x00000000ac000000, 0x00000000ac000000, 0x00000000ac100000|  0%| F|  |TAMS 0x00000000ac000000, 0x00000000ac000000| Untracked 
| 181|0x00000000ac100000, 0x00000000ac100000, 0x00000000ac200000|  0%| F|  |TAMS 0x00000000ac100000, 0x00000000ac100000| Untracked 

Card table byte_map: [0x000001edf1770000,0x000001edf1a70000] _byte_map_base: 0x000001edf126a000

Marking Bits (Prev, Next): (CMBitMap*) 0x000001edda9239f0, (CMBitMap*) 0x000001edda923a30
 Prev Bits: [0x000001edf1d70000, 0x000001edf3540000)
 Next Bits: [0x000001edf3540000, 0x000001edf4d10000)

Polling page: 0x000001edd8840000

Metaspace:

Usage:
  Non-class:     63.75 MB used.
      Class:     10.21 MB used.
       Both:     73.96 MB used.

Virtual space:
  Non-class space:       72.00 MB reserved,      64.06 MB ( 89%) committed,  9 nodes.
      Class space:        1.00 GB reserved,      10.44 MB (  1%) committed,  1 nodes.
             Both:        1.07 GB reserved,      74.50 MB (  7%) committed. 

Chunk freelists:
   Non-Class:  3.36 MB
       Class:  1.57 MB
        Both:  4.93 MB

MaxMetaspaceSize: unlimited
CompressedClassSpaceSize: 1.00 GB
Initial GC threshold: 21.00 MB
Current GC threshold: 119.31 MB
CDS: on
MetaspaceReclaimPolicy: balanced
 - commit_granule_bytes: 65536.
 - commit_granule_words: 8192.
 - virtual_space_node_default_size: 1048576.
 - enlarge_chunks_in_place: 1.
 - new_chunks_are_fully_committed: 0.
 - uncommit_free_chunks: 1.
 - use_allocation_guard: 0.
 - handle_deallocations: 1.


Internal statistics:

num_allocs_failed_limit: 6.
num_arena_births: 796.
num_arena_deaths: 0.
num_vsnodes_births: 10.
num_vsnodes_deaths: 0.
num_space_committed: 1192.
num_space_uncommitted: 0.
num_chunks_returned_to_freelist: 6.
num_chunks_taken_from_freelist: 3629.
num_chunk_merges: 6.
num_chunk_splits: 2639.
num_chunks_enlarged: 2057.
num_purges: 0.
num_inconsistent_stats: 0.

CodeHeap 'non-profiled nmethods': size=120000Kb used=3605Kb max_used=3605Kb free=116394Kb
 bounds [0x000001ede9c10000, 0x000001ede9fa0000, 0x000001edf1140000]
CodeHeap 'profiled nmethods': size=120000Kb used=14260Kb max_used=14260Kb free=105739Kb
 bounds [0x000001ede26e0000, 0x000001ede34d0000, 0x000001ede9c10000]
CodeHeap 'non-nmethods': size=5760Kb used=1323Kb max_used=1360Kb free=4436Kb
 bounds [0x000001ede2140000, 0x000001ede23b0000, 0x000001ede26e0000]
 total_blobs=8445 nmethods=7790 adapters=566
 compilation: enabled
              stopped_count=0, restarted_count=0
 full_count=0

Compilation events (20 events):
Event: 18.122 Thread 0x000001edf7752240 8705       3       org.springframework.data.util.CustomCollections$SearchableTypes$$Lambda$1135/0x0000000801366820::apply (8 bytes)
Event: 18.122 Thread 0x000001edf7752240 nmethod 8705 0x000001ede34c9990 code [0x000001ede34c9b40, 0x000001ede34c9ed8]
Event: 18.123 Thread 0x000001edf7752240 8706       3       org.springframework.data.util.CustomCollections$SearchableTypes::lambda$static$2 (13 bytes)
Event: 18.123 Thread 0x000001edf7752240 nmethod 8706 0x000001ede34ca010 code [0x000001ede34ca1c0, 0x000001ede34ca3f8]
Event: 18.123 Thread 0x000001edf7752240 8708       3       org.springframework.util.ConcurrentReferenceHashMap$WeakEntryReference::get (8 bytes)
Event: 18.124 Thread 0x000001edf7752240 nmethod 8708 0x000001ede34ca490 code [0x000001ede34ca620, 0x000001ede34ca858]
Event: 18.124 Thread 0x000001edf7752240 8709       3       org.springframework.data.jpa.mapping.JpaPersistentPropertyImpl::isAssociation (14 bytes)
Event: 18.124 Thread 0x000001edf7752240 nmethod 8709 0x000001ede34ca910 code [0x000001ede34caae0, 0x000001ede34caeb8]
Event: 18.124 Thread 0x000001edf7752240 8711       2       java.lang.String::matches (6 bytes)
Event: 18.125 Thread 0x000001edf7752240 nmethod 8711 0x000001ede34cb010 code [0x000001ede34cb1c0, 0x000001ede34cb3c8]
Event: 18.125 Thread 0x000001edf7752240 8712       2       java.util.regex.Pattern::matches (16 bytes)
Event: 18.125 Thread 0x000001edf7752240 nmethod 8712 0x000001ede34cb510 code [0x000001ede34cb6c0, 0x000001ede34cb888]
Event: 18.125 Thread 0x000001edf7752240 8713       2       org.springframework.data.mapping.context.AbstractMappingContext$PersistentPropertyFilter$PropertyMatch::matches (57 bytes)
Event: 18.125 Thread 0x000001edf7752240 nmethod 8713 0x000001ede34cba10 code [0x000001ede34cbc20, 0x000001ede34cc0c8]
Event: 18.125 Thread 0x000001edf7752240 8714       2       org.springframework.data.util.Streamable::of (18 bytes)
Event: 18.126 Thread 0x000001edf7752240 nmethod 8714 0x000001ede34cc390 code [0x000001ede34cc560, 0x000001ede34cc868]
Event: 18.126 Thread 0x000001edf7752240 8715       2       org.springframework.data.util.Streamable$$Lambda$722/0x0000000800f29e40::<init> (10 bytes)
Event: 18.126 Thread 0x000001edf7752240 nmethod 8715 0x000001ede34cca90 code [0x000001ede34ccc20, 0x000001ede34ccd78]
Event: 18.126 Thread 0x000001edf7752240 8716       2       java.util.stream.Collectors$$Lambda$67/0x0000000800c53cc8::accept (14 bytes)
Event: 18.126 Thread 0x000001edf7752240 nmethod 8716 0x000001ede34cce10 code [0x000001ede34ccfc0, 0x000001ede34cd128]

GC Heap History (20 events):
Event: 12.415 GC heap after
{Heap after GC invocations=29 (full 0):
 garbage-first heap   total 83968K, used 48741K [0x00000000a0c00000, 0x0000000100000000)
  region size 1024K, 2 young (2048K), 2 survivors (2048K)
 Metaspace       used 63710K, committed 64192K, reserved 1105920K
  class space    used 8867K, committed 9088K, reserved 1048576K
}
Event: 12.444 GC heap before
{Heap before GC invocations=29 (full 0):
 garbage-first heap   total 83968K, used 62053K [0x00000000a0c00000, 0x0000000100000000)
  region size 1024K, 15 young (15360K), 2 survivors (2048K)
 Metaspace       used 63710K, committed 64192K, reserved 1105920K
  class space    used 8867K, committed 9088K, reserved 1048576K
}
Event: 12.448 GC heap after
{Heap after GC invocations=30 (full 0):
 garbage-first heap   total 83968K, used 51472K [0x00000000a0c00000, 0x0000000100000000)
  region size 1024K, 2 young (2048K), 2 survivors (2048K)
 Metaspace       used 63710K, committed 64192K, reserved 1105920K
  class space    used 8867K, committed 9088K, reserved 1048576K
}
Event: 12.492 GC heap before
{Heap before GC invocations=30 (full 0):
 garbage-first heap   total 83968K, used 62736K [0x00000000a0c00000, 0x0000000100000000)
  region size 1024K, 14 young (14336K), 2 survivors (2048K)
 Metaspace       used 63728K, committed 64192K, reserved 1105920K
  class space    used 8867K, committed 9088K, reserved 1048576K
}
Event: 12.497 GC heap after
{Heap after GC invocations=31 (full 0):
 garbage-first heap   total 186368K, used 54108K [0x00000000a0c00000, 0x0000000100000000)
  region size 1024K, 2 young (2048K), 2 survivors (2048K)
 Metaspace       used 63728K, committed 64192K, reserved 1105920K
  class space    used 8867K, committed 9088K, reserved 1048576K
}
Event: 12.778 GC heap before
{Heap before GC invocations=32 (full 0):
 garbage-first heap   total 186368K, used 118620K [0x00000000a0c00000, 0x0000000100000000)
  region size 1024K, 65 young (66560K), 2 survivors (2048K)
 Metaspace       used 63800K, committed 64320K, reserved 1105920K
  class space    used 8867K, committed 9088K, reserved 1048576K
}
Event: 12.793 GC heap after
{Heap after GC invocations=33 (full 0):
 garbage-first heap   total 186368K, used 69937K [0x00000000a0c00000, 0x0000000100000000)
  region size 1024K, 9 young (9216K), 9 survivors (9216K)
 Metaspace       used 63800K, committed 64320K, reserved 1105920K
  class space    used 8867K, committed 9088K, reserved 1048576K
}
Event: 12.794 GC heap before
{Heap before GC invocations=33 (full 0):
 garbage-first heap   total 186368K, used 70961K [0x00000000a0c00000, 0x0000000100000000)
  region size 1024K, 10 young (10240K), 9 survivors (9216K)
 Metaspace       used 63801K, committed 64320K, reserved 1105920K
  class space    used 8867K, committed 9088K, reserved 1048576K
}
Event: 12.800 GC heap after
{Heap after GC invocations=34 (full 0):
 garbage-first heap   total 186368K, used 69349K [0x00000000a0c00000, 0x0000000100000000)
  region size 1024K, 1 young (1024K), 1 survivors (1024K)
 Metaspace       used 63801K, committed 64320K, reserved 1105920K
  class space    used 8867K, committed 9088K, reserved 1048576K
}
Event: 13.034 GC heap before
{Heap before GC invocations=34 (full 0):
 garbage-first heap   total 186368K, used 123621K [0x00000000a0c00000, 0x0000000100000000)
  region size 1024K, 54 young (55296K), 1 survivors (1024K)
 Metaspace       used 63851K, committed 64320K, reserved 1105920K
  class space    used 8868K, committed 9088K, reserved 1048576K
}
Event: 13.044 GC heap after
{Heap after GC invocations=35 (full 0):
 garbage-first heap   total 186368K, used 82661K [0x00000000a0c00000, 0x0000000100000000)
  region size 1024K, 7 young (7168K), 7 survivors (7168K)
 Metaspace       used 63851K, committed 64320K, reserved 1105920K
  class space    used 8868K, committed 9088K, reserved 1048576K
}
Event: 14.362 GC heap before
{Heap before GC invocations=35 (full 0):
 garbage-first heap   total 186368K, used 130789K [0x00000000a0c00000, 0x0000000100000000)
  region size 1024K, 55 young (56320K), 7 survivors (7168K)
 Metaspace       used 69485K, committed 70016K, reserved 1114112K
  class space    used 9662K, committed 9920K, reserved 1048576K
}
Event: 14.377 GC heap after
{Heap after GC invocations=36 (full 0):
 garbage-first heap   total 186368K, used 91549K [0x00000000a0c00000, 0x0000000100000000)
  region size 1024K, 7 young (7168K), 7 survivors (7168K)
 Metaspace       used 69485K, committed 70016K, reserved 1114112K
  class space    used 9662K, committed 9920K, reserved 1048576K
}
Event: 15.624 GC heap before
{Heap before GC invocations=36 (full 0):
 garbage-first heap   total 186368K, used 137629K [0x00000000a0c00000, 0x0000000100000000)
  region size 1024K, 52 young (53248K), 7 survivors (7168K)
 Metaspace       used 72779K, committed 73280K, reserved 1114112K
  class space    used 10174K, committed 10432K, reserved 1048576K
}
Event: 15.637 GC heap after
{Heap after GC invocations=37 (full 0):
 garbage-first heap   total 186368K, used 97438K [0x00000000a0c00000, 0x0000000100000000)
  region size 1024K, 5 young (5120K), 5 survivors (5120K)
 Metaspace       used 72779K, committed 73280K, reserved 1114112K
  class space    used 10174K, committed 10432K, reserved 1048576K
}
Event: 16.501 GC heap before
{Heap before GC invocations=38 (full 0):
 garbage-first heap   total 186368K, used 129182K [0x00000000a0c00000, 0x0000000100000000)
  region size 1024K, 49 young (50176K), 5 survivors (5120K)
 Metaspace       used 75512K, committed 76096K, reserved 1122304K
  class space    used 10444K, committed 10688K, reserved 1048576K
}
Event: 16.511 GC heap after
{Heap after GC invocations=39 (full 0):
 garbage-first heap   total 186368K, used 86991K [0x00000000a0c00000, 0x0000000100000000)
  region size 1024K, 4 young (4096K), 4 survivors (4096K)
 Metaspace       used 75512K, committed 76096K, reserved 1122304K
  class space    used 10444K, committed 10688K, reserved 1048576K
}
Event: 16.571 GC heap before
{Heap before GC invocations=39 (full 0):
 garbage-first heap   total 186368K, used 92111K [0x00000000a0c00000, 0x0000000100000000)
  region size 1024K, 9 young (9216K), 4 survivors (4096K)
 Metaspace       used 75624K, committed 76160K, reserved 1122304K
  class space    used 10451K, committed 10688K, reserved 1048576K
}
Event: 16.577 GC heap after
{Heap after GC invocations=40 (full 0):
 garbage-first heap   total 186368K, used 68454K [0x00000000a0c00000, 0x0000000100000000)
  region size 1024K, 1 young (1024K), 1 survivors (1024K)
 Metaspace       used 75624K, committed 76160K, reserved 1122304K
  class space    used 10451K, committed 10688K, reserved 1048576K
}
Event: 18.137 GC heap before
{Heap before GC invocations=40 (full 0):
 garbage-first heap   total 186368K, used 76646K [0x00000000a0c00000, 0x0000000100000000)
  region size 1024K, 9 young (9216K), 1 survivors (1024K)
 Metaspace       used 75733K, committed 76288K, reserved 1122304K
  class space    used 10452K, committed 10688K, reserved 1048576K
}

Deoptimization events (20 events):
Event: 16.207 Thread 0x000001edd86adf90 DEOPT PACKING pc=0x000001ede9ca41cc sp=0x000000b986ff9ca0
Event: 16.207 Thread 0x000001edd86adf90 DEOPT UNPACKING pc=0x000001ede21923a3 sp=0x000000b986ff9bc0 mode 2
Event: 16.207 Thread 0x000001edd86adf90 Uncommon trap: trap_request=0xffffff45 fr.pc=0x000001ede9e7e210 relative=0x0000000000000090
Event: 16.207 Thread 0x000001edd86adf90 Uncommon trap: reason=unstable_if action=reinterpret pc=0x000001ede9e7e210 method=java.util.zip.ZipCoder$UTF8ZipCoder.hasTrailingSlash([BI)Z @ 11 c2
Event: 16.207 Thread 0x000001edd86adf90 DEOPT PACKING pc=0x000001ede9e7e210 sp=0x000000b986ff9b40
Event: 16.207 Thread 0x000001edd86adf90 DEOPT UNPACKING pc=0x000001ede21923a3 sp=0x000000b986ff9ac0 mode 2
Event: 16.237 Thread 0x000001edd86adf90 DEOPT PACKING pc=0x000001ede33d4ae6 sp=0x000000b986ff8ed0
Event: 16.237 Thread 0x000001edd86adf90 DEOPT UNPACKING pc=0x000001ede2192b43 sp=0x000000b986ff8398 mode 0
Event: 16.249 Thread 0x000001edd86adf90 DEOPT PACKING pc=0x000001ede2841aa3 sp=0x000000b986ff8a40
Event: 16.249 Thread 0x000001edd86adf90 DEOPT UNPACKING pc=0x000001ede2192b43 sp=0x000000b986ff7eb0 mode 0
Event: 16.255 Thread 0x000001edd86adf90 Uncommon trap: trap_request=0xfffffff4 fr.pc=0x000001ede9f5c0f0 relative=0x00000000000001d0
Event: 16.255 Thread 0x000001edd86adf90 Uncommon trap: reason=null_check action=make_not_entrant pc=0x000001ede9f5c0f0 method=org.springframework.core.annotation.TypeMappedAnnotations.get(Ljava/lang/Class;Ljava/util/function/Predicate;Lorg/springframework/core/annotation/MergedAnnotationSelecto
Event: 16.255 Thread 0x000001edd86adf90 DEOPT PACKING pc=0x000001ede9f5c0f0 sp=0x000000b986ff9510
Event: 16.255 Thread 0x000001edd86adf90 DEOPT UNPACKING pc=0x000001ede21923a3 sp=0x000000b986ff9450 mode 2
Event: 16.296 Thread 0x000001edd86adf90 DEOPT PACKING pc=0x000001ede3325729 sp=0x000000b986ff2dc0
Event: 16.296 Thread 0x000001edd86adf90 DEOPT UNPACKING pc=0x000001ede2192b43 sp=0x000000b986ff2298 mode 0
Event: 16.337 Thread 0x000001edd86adf90 Uncommon trap: trap_request=0xffffff45 fr.pc=0x000001ede9f28008 relative=0x0000000000000168
Event: 16.337 Thread 0x000001edd86adf90 Uncommon trap: reason=unstable_if action=reinterpret pc=0x000001ede9f28008 method=java.net.URI$Parser.scan(IIJJ)I @ 28 c2
Event: 16.337 Thread 0x000001edd86adf90 DEOPT PACKING pc=0x000001ede9f28008 sp=0x000000b986ff3d60
Event: 16.337 Thread 0x000001edd86adf90 DEOPT UNPACKING pc=0x000001ede21923a3 sp=0x000000b986ff3d18 mode 2

Classes unloaded (0 events):
No events

Classes redefined (0 events):
No events

Internal exceptions (20 events):
Event: 14.875 Thread 0x000001edd86adf90 Implicit null exception at 0x000001ede9e7cdc7 to 0x000001ede9e7d440
Event: 14.875 Thread 0x000001edd86adf90 Implicit null exception at 0x000001ede9e1ddaa to 0x000001ede9e1e678
Event: 14.931 Thread 0x000001edd86adf90 Exception <a 'java/lang/ClassNotFoundException'{0x00000000ab549db0}: java/lang/ClassLoader$ByteBuddyAccessor$V1> (0x00000000ab549db0) 
thrown [t:\workspace\open\src\hotspot\share\classfile\systemDictionary.cpp, line 256]
Event: 15.007 Thread 0x000001edd86adf90 Implicit null exception at 0x000001ede9d97e7f to 0x000001ede9d9804c
Event: 15.093 Thread 0x000001edd86adf90 Exception <a 'java/lang/IncompatibleClassChangeError'{0x00000000ab1f5de8}: Found class java.lang.Object, but interface was expected> (0x00000000ab1f5de8) 
thrown [t:\workspace\open\src\hotspot\share\interpreter\linkResolver.cpp, line 833]
Event: 15.807 Thread 0x000001edd86adf90 Exception <a 'java/lang/NoClassDefFoundError'{0x00000000ab98d8a0}: org/flywaydb/core/Flyway> (0x00000000ab98d8a0) 
thrown [t:\workspace\open\src\hotspot\share\oops\constantPool.cpp, line 835]
Event: 15.807 Thread 0x000001edd86adf90 Exception <a 'java/lang/NoClassDefFoundError'{0x00000000ab98f430}: liquibase/integration/spring/SpringLiquibase> (0x00000000ab98f430) 
thrown [t:\workspace\open\src\hotspot\share\oops\constantPool.cpp, line 835]
Event: 15.813 Thread 0x000001edd86adf90 Exception <a 'java/lang/NoClassDefFoundError'{0x00000000ab809be8}: org/jooq/DSLContext> (0x00000000ab809be8) 
thrown [t:\workspace\open\src\hotspot\share\oops\constantPool.cpp, line 835]
Event: 15.813 Thread 0x000001edd86adf90 Exception <a 'java/lang/NoClassDefFoundError'{0x00000000ab824c78}: org/springframework/batch/core/repository/JobRepository> (0x00000000ab824c78) 
thrown [t:\workspace\open\src\hotspot\share\oops\constantPool.cpp, line 835]
Event: 15.813 Thread 0x000001edd86adf90 Exception <a 'java/lang/NoClassDefFoundError'{0x00000000ab826800}: org/quartz/Scheduler> (0x00000000ab826800) 
thrown [t:\workspace\open\src\hotspot\share\oops\constantPool.cpp, line 835]
Event: 15.813 Thread 0x000001edd86adf90 Exception <a 'java/lang/NoClassDefFoundError'{0x00000000ab8283b0}: org/springframework/session/jdbc/JdbcIndexedSessionRepository> (0x00000000ab8283b0) 
thrown [t:\workspace\open\src\hotspot\share\oops\constantPool.cpp, line 835]
Event: 15.829 Thread 0x000001edd86adf90 Implicit null exception at 0x000001ede9ebd9c9 to 0x000001ede9ec1d40
Event: 16.101 Thread 0x000001edd86adf90 Exception <a 'java/lang/NoSuchMethodError'{0x00000000aadc1c38}: 'java.lang.Object java.lang.invoke.DirectMethodHandle$Holder.invokeSpecial(java.lang.Object, java.lang.Object, long, java.lang.Object, java.lang.Object, java.lang.Object, java.lang.Object, java.lang.Object, java.lang.Object)'> (0x00000000aadc1c38) 
thrown [t:\workspace\open\src\hotspot\share\interpreter\linkResolver.cpp, line 766]
Event: 16.102 Thread 0x000001edd86adf90 Exception <a 'java/lang/NoSuchMethodError'{0x00000000aadc7200}: 'java.lang.Object java.lang.invoke.DelegatingMethodHandle$Holder.reinvoke_L(java.lang.Object, long, java.lang.Object, java.lang.Object, java.lang.Object, java.lang.Object, java.lang.Object, java.lang.Object)'> (0x00000000aadc7200) 
thrown [t:\workspace\open\src\hotspot\share\interpreter\linkResolver.cpp, line 766]
Event: 16.194 Thread 0x000001edd86adf90 Exception <a 'java/io/FileNotFoundException'{0x00000000aaa518a0}> (0x00000000aaa518a0) 
thrown [t:\workspace\open\src\hotspot\share\prims\jni.cpp, line 516]
Event: 16.195 Thread 0x000001edd86adf90 Exception <a 'java/io/FileNotFoundException'{0x00000000aaa535c0}> (0x00000000aaa535c0) 
thrown [t:\workspace\open\src\hotspot\share\prims\jni.cpp, line 516]
Event: 16.221 Thread 0x000001edd86adf90 Exception <a 'java/io/FileNotFoundException'{0x00000000aa984dc0}> (0x00000000aa984dc0) 
thrown [t:\workspace\open\src\hotspot\share\prims\jni.cpp, line 516]
Event: 16.221 Thread 0x000001edd86adf90 Exception <a 'java/io/FileNotFoundException'{0x00000000aa986df8}> (0x00000000aa986df8) 
thrown [t:\workspace\open\src\hotspot\share\prims\jni.cpp, line 516]
Event: 16.248 Thread 0x000001edd86adf90 Exception <a 'java/lang/NoSuchMethodError'{0x00000000aa850f20}: 'int java.lang.invoke.DirectMethodHandle$Holder.invokeInterface(java.lang.Object, java.lang.Object, java.lang.Object, java.lang.Object)'> (0x00000000aa850f20) 
thrown [t:\workspace\open\src\hotspot\share\interpreter\linkResolver.cpp, line 766]
Event: 16.255 Thread 0x000001edd86adf90 Implicit null exception at 0x000001ede9f5c02b to 0x000001ede9f5c0e4

VM Operations (20 events):
Event: 15.534 Executing VM operation: ICBufferFull done
Event: 15.624 Executing VM operation: G1CollectForAllocation
Event: 15.637 Executing VM operation: G1CollectForAllocation done
Event: 15.689 Executing VM operation: G1Concurrent
Event: 15.694 Executing VM operation: G1Concurrent done
Event: 15.722 Executing VM operation: G1Concurrent
Event: 15.722 Executing VM operation: G1Concurrent done
Event: 15.903 Executing VM operation: HandshakeAllThreads
Event: 15.903 Executing VM operation: HandshakeAllThreads done
Event: 16.109 Executing VM operation: HandshakeAllThreads
Event: 16.109 Executing VM operation: HandshakeAllThreads done
Event: 16.404 Executing VM operation: ICBufferFull
Event: 16.404 Executing VM operation: ICBufferFull done
Event: 16.501 Executing VM operation: G1CollectForAllocation
Event: 16.511 Executing VM operation: G1CollectForAllocation done
Event: 16.571 Executing VM operation: G1CollectForAllocation
Event: 16.577 Executing VM operation: G1CollectForAllocation done
Event: 17.586 Executing VM operation: Cleanup
Event: 17.586 Executing VM operation: Cleanup done
Event: 18.137 Executing VM operation: G1CollectForAllocation

Events (20 events):
Event: 16.138 loading class sun/util/resources/cldr/TimeZoneNames_en_US
Event: 16.138 loading class sun/util/resources/cldr/TimeZoneNames_en_US done
Event: 16.140 loading class sun/util/resources/TimeZoneNames
Event: 16.142 loading class sun/util/resources/TimeZoneNames done
Event: 16.142 loading class sun/util/resources/TimeZoneNames_en
Event: 16.143 loading class sun/util/resources/TimeZoneNames_en done
Event: 16.179 loading class java/security/NoSuchProviderException
Event: 16.179 loading class java/security/NoSuchProviderException done
Event: 16.179 loading class com/sun/security/sasl/Provider
Event: 16.180 loading class com/sun/security/sasl/Provider done
Event: 16.180 loading class com/sun/security/sasl/Provider$1
Event: 16.180 loading class com/sun/security/sasl/Provider$1 done
Event: 16.180 loading class com/sun/security/sasl/Provider$ProviderService
Event: 16.180 loading class com/sun/security/sasl/Provider$ProviderService done
Event: 16.180 loading class sun/security/provider/certpath/ldap/JdkLDAP
Event: 16.181 loading class sun/security/provider/certpath/ldap/JdkLDAP done
Event: 16.181 loading class sun/security/provider/certpath/ldap/JdkLDAP$ProviderService
Event: 16.181 loading class sun/security/provider/certpath/ldap/JdkLDAP$ProviderService done
Event: 16.343 Thread 0x000001edfd451e40 Thread added: 0x000001edfd451e40
Event: 16.459 Thread 0x000001edfd454e60 Thread added: 0x000001edfd454e60


Dynamic libraries:
0x00007ff6e1e50000 - 0x00007ff6e1e60000 	C:\Program Files\Java\jdk-17.0.3.1\bin\java.exe
0x00007ff9ddf70000 - 0x00007ff9de168000 	C:\Windows\SYSTEM32\ntdll.dll
0x00007ff9ddde0000 - 0x00007ff9dde9f000 	C:\Windows\System32\KERNEL32.DLL
0x00007ff9dbbf0000 - 0x00007ff9dbeca000 	C:\Windows\System32\KERNELBASE.dll
0x00007ff9dbed0000 - 0x00007ff9dbfd0000 	C:\Windows\System32\ucrtbase.dll
0x00007ff9d8e30000 - 0x00007ff9d8e4a000 	C:\Program Files\Java\jdk-17.0.3.1\bin\VCRUNTIME140.dll
0x00007ff9d7190000 - 0x00007ff9d71a8000 	C:\Program Files\Java\jdk-17.0.3.1\bin\jli.dll
0x00007ff9dd7c0000 - 0x00007ff9dd86e000 	C:\Windows\System32\ADVAPI32.dll
0x00007ff9dc9b0000 - 0x00007ff9dca4e000 	C:\Windows\System32\msvcrt.dll
0x00007ff9ddce0000 - 0x00007ff9ddd7c000 	C:\Windows\System32\sechost.dll
0x00007ff9dca50000 - 0x00007ff9dcb76000 	C:\Windows\System32\RPCRT4.dll
0x00007ff9dd880000 - 0x00007ff9dda1d000 	C:\Windows\System32\USER32.dll
0x00007ff9dba50000 - 0x00007ff9dba72000 	C:\Windows\System32\win32u.dll
0x00007ff9dcb80000 - 0x00007ff9dcbab000 	C:\Windows\System32\GDI32.dll
0x00007ff9ca050000 - 0x00007ff9ca2ea000 	C:\Windows\WinSxS\amd64_microsoft.windows.common-controls_6595b64144ccf1df_6.0.19041.1110_none_60b5254171f9507e\COMCTL32.dll
0x00007ff9db8f0000 - 0x00007ff9dba00000 	C:\Windows\System32\gdi32full.dll
0x00007ff9db6f0000 - 0x00007ff9db78d000 	C:\Windows\System32\msvcp_win.dll
0x00007ff9d3030000 - 0x00007ff9d303a000 	C:\Windows\SYSTEM32\VERSION.dll
0x00007ff9ddcb0000 - 0x00007ff9ddce0000 	C:\Windows\System32\IMM32.DLL
0x00007ff9d8e60000 - 0x00007ff9d8e6c000 	C:\Program Files\Java\jdk-17.0.3.1\bin\vcruntime140_1.dll
0x00007ff9d4210000 - 0x00007ff9d429d000 	C:\Program Files\Java\jdk-17.0.3.1\bin\msvcp140.dll
0x00007ff9aa1c0000 - 0x00007ff9aad80000 	C:\Program Files\Java\jdk-17.0.3.1\bin\server\jvm.dll
0x00007ff9dc640000 - 0x00007ff9dc648000 	C:\Windows\System32\PSAPI.DLL
0x00007ff9d0b40000 - 0x00007ff9d0b67000 	C:\Windows\SYSTEM32\WINMM.dll
0x00007ff99ebf0000 - 0x00007ff99ebf9000 	C:\Windows\SYSTEM32\WSOCK32.dll
0x00007ff9dcc60000 - 0x00007ff9dcccb000 	C:\Windows\System32\WS2_32.dll
0x00007ff9d9540000 - 0x00007ff9d9552000 	C:\Windows\SYSTEM32\kernel.appcore.dll
0x00007ff9d71c0000 - 0x00007ff9d71ca000 	C:\Program Files\Java\jdk-17.0.3.1\bin\jimage.dll
0x00007ff9d2c40000 - 0x00007ff9d2e24000 	C:\Windows\SYSTEM32\DBGHELP.DLL
0x00007ff9c94b0000 - 0x00007ff9c94e4000 	C:\Windows\SYSTEM32\dbgcore.DLL
0x00007ff9dbb30000 - 0x00007ff9dbbb2000 	C:\Windows\System32\bcryptPrimitives.dll
0x00007ff9d40e0000 - 0x00007ff9d4105000 	C:\Program Files\Java\jdk-17.0.3.1\bin\java.dll
0x00007ff9bc4c0000 - 0x00007ff9bc596000 	C:\Program Files\Java\jdk-17.0.3.1\bin\jsvml.dll
0x00007ff9dccf0000 - 0x00007ff9dd434000 	C:\Windows\System32\SHELL32.dll
0x00007ff9d9740000 - 0x00007ff9d9ed3000 	C:\Windows\SYSTEM32\windows.storage.dll
0x00007ff9dc650000 - 0x00007ff9dc9a4000 	C:\Windows\System32\combase.dll
0x00007ff9db000000 - 0x00007ff9db02e000 	C:\Windows\SYSTEM32\Wldp.dll
0x00007ff9dd690000 - 0x00007ff9dd73d000 	C:\Windows\System32\SHCORE.dll
0x00007ff9ddd80000 - 0x00007ff9dddd5000 	C:\Windows\System32\shlwapi.dll
0x00007ff9db5c0000 - 0x00007ff9db5df000 	C:\Windows\SYSTEM32\profapi.dll
0x00007ff9d7170000 - 0x00007ff9d7189000 	C:\Program Files\Java\jdk-17.0.3.1\bin\net.dll
0x00007ff9d0f20000 - 0x00007ff9d102a000 	C:\Windows\SYSTEM32\WINHTTP.dll
0x00007ff9dad60000 - 0x00007ff9dadca000 	C:\Windows\system32\mswsock.dll
0x00007ff9c8360000 - 0x00007ff9c8376000 	C:\Program Files\Java\jdk-17.0.3.1\bin\nio.dll
0x00007ff9c81b0000 - 0x00007ff9c81c8000 	C:\Program Files\Java\jdk-17.0.3.1\bin\zip.dll
0x00007ff9daa50000 - 0x00007ff9daa8c000 	C:\Windows\SYSTEM32\IPHLPAPI.DLL
0x00007ff9dd870000 - 0x00007ff9dd878000 	C:\Windows\System32\NSI.dll
0x00007ff9d42d0000 - 0x00007ff9d42e7000 	C:\Windows\SYSTEM32\dhcpcsvc6.DLL
0x00007ff9d3060000 - 0x00007ff9d307d000 	C:\Windows\SYSTEM32\dhcpcsvc.DLL
0x00007ff9daa90000 - 0x00007ff9dab5b000 	C:\Windows\SYSTEM32\DNSAPI.dll
0x00007ff9d4160000 - 0x00007ff9d4170000 	C:\Program Files\Java\jdk-17.0.3.1\bin\verify.dll
0x00007ff9daf50000 - 0x00007ff9daf68000 	C:\Windows\SYSTEM32\CRYPTSP.dll
0x00007ff9da680000 - 0x00007ff9da6b4000 	C:\Windows\system32\rsaenh.dll
0x00007ff9dbbc0000 - 0x00007ff9dbbe7000 	C:\Windows\System32\bcrypt.dll
0x00007ff9db580000 - 0x00007ff9db5ae000 	C:\Windows\SYSTEM32\USERENV.dll
0x00007ff9daf70000 - 0x00007ff9daf7c000 	C:\Windows\SYSTEM32\CRYPTBASE.dll
0x00007ff9d1e90000 - 0x00007ff9d1e9a000 	C:\Windows\System32\rasadhlp.dll
0x00007ff9cde50000 - 0x00007ff9cded0000 	C:\Windows\System32\fwpuclnt.dll
0x00007ff9d40d0000 - 0x00007ff9d40de000 	C:\Program Files\Java\jdk-17.0.3.1\bin\sunmscapi.dll
0x00007ff9db790000 - 0x00007ff9db8e6000 	C:\Windows\System32\CRYPT32.dll
0x00007ff9db070000 - 0x00007ff9db098000 	C:\Windows\SYSTEM32\ncrypt.dll
0x00007ff9db030000 - 0x00007ff9db06b000 	C:\Windows\SYSTEM32\NTASN1.dll
0x00007ff9d2a50000 - 0x00007ff9d2a59000 	C:\Program Files\Java\jdk-17.0.3.1\bin\management.dll
0x00007ff9c81a0000 - 0x00007ff9c81ab000 	C:\Program Files\Java\jdk-17.0.3.1\bin\management_ext.dll

dbghelp: loaded successfully - version: 4.0.5 - missing functions: none
symbol engine: initialized successfully - sym options: 0x614 - pdb path: .;C:\Program Files\Java\jdk-17.0.3.1\bin;C:\Windows\SYSTEM32;C:\Windows\WinSxS\amd64_microsoft.windows.common-controls_6595b64144ccf1df_6.0.19041.1110_none_60b5254171f9507e;C:\Program Files\Java\jdk-17.0.3.1\bin\server

VM Arguments:
jvm_args: -ea -XX:+ShowCodeDetailsInExceptionMessages -Dfile.encoding=UTF-8 
java_command: org.eclipse.jdt.internal.junit.runner.RemoteTestRunner -version 3 -port 54071 -testLoaderClass org.eclipse.jdt.internal.junit5.runner.JUnit5TestLoader -loaderpluginname org.eclipse.jdt.junit5.runtime -testNameFile C:\Users\HB\AppData\Local\Temp\testNames14390383648784308888.txt
java_class_path (initial): c:\Users\HB\IdeaProjects\hb_business_case_backend\target\test-classes;c:\Users\HB\IdeaProjects\hb_business_case_backend\target\classes;c:\Users\HB\.m2\repository\org\springframework\boot\spring-boot-starter-data-jpa\3.0.1\spring-boot-starter-data-jpa-3.0.1.jar;c:\Users\HB\.m2\repository\org\springframework\boot\spring-boot-starter-aop\3.0.1\spring-boot-starter-aop-3.0.1.jar;c:\Users\HB\.m2\repository\org\aspectj\aspectjweaver\1.9.19\aspectjweaver-1.9.19.jar;c:\Users\HB\.m2\repository\org\springframework\boot\spring-boot-starter-jdbc\3.0.1\spring-boot-starter-jdbc-3.0.1.jar;c:\Users\HB\.m2\repository\com\zaxxer\HikariCP\5.0.1\HikariCP-5.0.1.jar;c:\Users\HB\.m2\repository\org\springframework\spring-jdbc\6.0.3\spring-jdbc-6.0.3.jar;c:\Users\HB\.m2\repository\org\hibernate\orm\hibernate-core\6.1.6.Final\hibernate-core-6.1.6.Final.jar;c:\Users\HB\.m2\repository\jakarta\persistence\jakarta.persistence-api\3.1.0\jakarta.persistence-api-3.1.0.jar;c:\Users\HB\.m2\repository\jakarta\transaction\jakarta.transaction-api\2.0.1\jakarta.transaction-api-2.0.1.jar;c:\Users\HB\.m2\repository\org\jboss\logging\jboss-logging\3.5.0.Final\jboss-logging-3.5.0.Final.jar;c:\Users\HB\.m2\repository\org\hibernate\common\hibernate-commons-annotations\6.0.2.Final\hibernate-commons-annotations-6.0.2.Final.jar;c:\Users\HB\.m2\repository\org\jboss\jandex\2.4.2.Final\jandex-2.4.2.Final.jar;c:\Users\HB\.m2\repository\com\fasterxml\classmate\1.5.1\classmate-1.5.1.jar;c:\Users\HB\.m2\repository\net\bytebuddy\byte-buddy\1.12.20\byte-buddy-1.12.20.jar;c:\Users\HB\.m2\repository\org\glassfish\jaxb\jaxb-runtime\4.0.1\jaxb-runtime-4.0.1.jar;c:\Users\HB\.m2\repository\org\glassfish\jaxb\jaxb-core\4.0.1\jaxb-core-4.0.1.jar;c:\Users\HB\.m2\repository\org\eclipse\angus\angus-activation\1.0.0\angus-activation-1.0.0.jar;c:\Users\HB\.m2\repository\org\glassfish\jaxb\txw2\4.0.1\txw2-4.0.1.jar;c:\Users\HB\.m2\repository\com\sun\istack\istack-commons-runtime\4.1.1\istack-commons-runtime-
Launcher Type: SUN_STANDARD

[Global flags]
     intx CICompilerCount                          = 4                                         {product} {ergonomic}
     uint ConcGCThreads                            = 2                                         {product} {ergonomic}
     uint G1ConcRefinementThreads                  = 8                                         {product} {ergonomic}
   size_t G1HeapRegionSize                         = 1048576                                   {product} {ergonomic}
    uintx GCDrainStackTargetSize                   = 64                                        {product} {ergonomic}
   size_t InitialHeapSize                          = 100663296                                 {product} {ergonomic}
   size_t MarkStackSize                            = 4194304                                   {product} {ergonomic}
   size_t MaxHeapSize                              = 1598029824                                {product} {ergonomic}
   size_t MaxNewSize                               = 958398464                                 {product} {ergonomic}
   size_t MinHeapDeltaBytes                        = 1048576                                   {product} {ergonomic}
   size_t MinHeapSize                              = 8388608                                   {product} {ergonomic}
    uintx NonNMethodCodeHeapSize                   = 5839372                                {pd product} {ergonomic}
    uintx NonProfiledCodeHeapSize                  = 122909434                              {pd product} {ergonomic}
    uintx ProfiledCodeHeapSize                     = 122909434                              {pd product} {ergonomic}
    uintx ReservedCodeCacheSize                    = 251658240                              {pd product} {ergonomic}
     bool SegmentedCodeCache                       = true                                      {product} {ergonomic}
     bool ShowCodeDetailsInExceptionMessages       = true                                   {manageable} {command line}
   size_t SoftMaxHeapSize                          = 1598029824                             {manageable} {ergonomic}
     bool UseCompressedClassPointers               = true                           {product lp64_product} {ergonomic}
     bool UseCompressedOops                        = true                           {product lp64_product} {ergonomic}
     bool UseG1GC                                  = true                                      {product} {ergonomic}
     bool UseLargePagesIndividualAllocation        = false                                  {pd product} {ergonomic}

Logging:
Log output configuration:
 #0: stdout all=warning uptime,level,tags
 #1: stderr all=off uptime,level,tags

Environment Variables:
JAVA_HOME=C:\Program Files\Java\jdk-17.0.3.1
PATH=C:\Program Files\Common Files\Oracle\Java\javapath;C:\Windows\system32;C:\Windows;C:\Windows\System32\Wbem;C:\Windows\System32\WindowsPowerShell\v1.0\;C:\Windows\System32\OpenSSH\;C:\Program Files\Git\cmd;C:\Program Files\nodejs\;C:\ProgramData\ComposerSetup\bin;C:\wamp64\bin\php\php7.4.26;C:\Program Files\dotnet\;C:\Program Files\apache-maven-3.8.4\bin;C:\Users\HB\AppData\Local\Microsoft\WindowsApps;C:\Users\HB\AppData\Local\Programs\Microsoft VS Code\bin;C:\Users\HB\AppData\Roaming\npm;C:\Users\HB\AppData\Roaming\Composer\vendor\bin;C:\Users\HB\.dotnet\tools;C:\Program Files\apache-maven-3.8.4\bin;C:\Program Files\heroku\bin
USERNAME=HB
OS=Windows_NT
PROCESSOR_IDENTIFIER=AMD64 Family 23 Model 24 Stepping 1, AuthenticAMD



---------------  S Y S T E M  ---------------

OS:
 Windows 10 , 64 bit Build 19041 (10.0.19041.2788)
OS uptime: 6 days 13:51 hours

CPU: total 8 (initial active 8) (8 cores per cpu, 2 threads per core) family 23 model 24 stepping 1 microcode 0x0, cx8, cmov, fxsr, ht, mmx, 3dnowpref, sse, sse2, sse3, ssse3, sse4a, sse4.1, sse4.2, popcnt, lzcnt, tsc, tscinvbit, avx, avx2, aes, clmul, bmi1, bmi2, adx, sha, fma, vzeroupper, clflush, clflushopt

Memory: 4k page, system-wide physical 6091M (320M free)
TotalPageFile size 24523M (AvailPageFile size 293M)
current process WorkingSet (physical memory assigned to process): 349M, peak: 355M
current process commit charge ("private bytes"): 411M, peak: 741M

vm_info: Java HotSpot(TM) 64-Bit Server VM (17.0.3.1+2-LTS-6) for windows-amd64 JRE (17.0.3.1+2-LTS-6), built on Apr 25 2022 22:04:21 by "mach5one" with MS VC++ 16.8 / 16.9 (VS2019)

END.
